c:\users\hirom\source\repos\directx_sanple13\debug\vc141.pdb
c:\users\hirom\source\repos\directx_sanple13\debug\vc141.idb
c:\users\hirom\source\repos\directx_sanple13\debug\texture.obj
c:\users\hirom\source\repos\directx_sanple13\debug\player.obj
c:\users\hirom\source\repos\directx_sanple13\debug\mydirect3d.obj
c:\users\hirom\source\repos\directx_sanple13\debug\main.obj
c:\users\hirom\source\repos\directx_sanple13\debug\light.obj
c:\users\hirom\source\repos\directx_sanple13\debug\kadai.obj
c:\users\hirom\source\repos\directx_sanple13\debug\input.obj
c:\users\hirom\source\repos\directx_sanple13\debug\grid.obj
c:\users\hirom\source\repos\directx_sanple13\debug\field.obj
c:\users\hirom\source\repos\directx_sanple13\debug\drink.obj
c:\users\hirom\source\repos\directx_sanple13\debug\debugproc.obj
c:\users\hirom\source\repos\directx_sanple13\debug\camera2.obj
c:\users\hirom\source\repos\directx_sanple13\debug\camera.obj
c:\users\hirom\source\repos\directx_sanple13\debug\box.obj
c:\users\hirom\source\repos\directx_sanple13\debug\bike.obj
c:\users\hirom\source\repos\directx_sanple13\debug\directx_sanple13.exe
c:\users\hirom\source\repos\directx_sanple13\debug\directx_sanple13.ilk
c:\users\hirom\source\repos\directx_sanple13\debug\directx_sanple13.pdb
c:\users\hirom\source\repos\directx_sanple13\debug\directx_sanple13.tlog\cl.command.1.tlog
c:\users\hirom\source\repos\directx_sanple13\debug\directx_sanple13.tlog\cl.read.1.tlog
c:\users\hirom\source\repos\directx_sanple13\debug\directx_sanple13.tlog\cl.write.1.tlog
c:\users\hirom\source\repos\directx_sanple13\debug\directx_sanple13.tlog\link.command.1.tlog
c:\users\hirom\source\repos\directx_sanple13\debug\directx_sanple13.tlog\link.read.1.tlog
c:\users\hirom\source\repos\directx_sanple13\debug\directx_sanple13.tlog\link.write.1.tlog
